Determining if the pthread_create exist failed with the following output:
Change Dir: /home/abdalwhab/S2/BigData/GridGraph/GridGraph/build/CMakeFiles/CMakeTmp

Run Build Command:"/usr/bin/make" "cmTC_815e8/fast"
/usr/bin/make -f CMakeFiles/cmTC_815e8.dir/build.make CMakeFiles/cmTC_815e8.dir/build
make[1]: Entering directory '/home/abdalwhab/S2/BigData/GridGraph/GridGraph/build/CMakeFiles/CMakeTmp'
Building C object CMakeFiles/cmTC_815e8.dir/CheckSymbolExists.c.o
/usr/bin/cc    -o CMakeFiles/cmTC_815e8.dir/CheckSymbolExists.c.o   -c /home/abdalwhab/S2/BigData/GridGraph/GridGraph/build/CMakeFiles/CMakeTmp/CheckSymbolExists.c
Linking C executable cmTC_815e8
/usr/bin/cmake -E cmake_link_script CMakeFiles/cmTC_815e8.dir/link.txt --verbose=1
/usr/bin/cc      CMakeFiles/cmTC_815e8.dir/CheckSymbolExists.c.o  -o cmTC_815e8 
CMakeFiles/cmTC_815e8.dir/CheckSymbolExists.c.o: In function `main':
CheckSymbolExists.c:(.text+0x1b): undefined reference to `pthread_create'
collect2: error: ld returned 1 exit status
CMakeFiles/cmTC_815e8.dir/build.make:97: recipe for target 'cmTC_815e8' failed
make[1]: *** [cmTC_815e8] Error 1
make[1]: Leaving directory '/home/abdalwhab/S2/BigData/GridGraph/GridGraph/build/CMakeFiles/CMakeTmp'
Makefile:126: recipe for target 'cmTC_815e8/fast' failed
make: *** [cmTC_815e8/fast] Error 2

File /home/abdalwhab/S2/BigData/GridGraph/GridGraph/build/CMakeFiles/CMakeTmp/CheckSymbolExists.c:
/* */
#include <pthread.h>

int main(int argc, char** argv)
{
  (void)argv;
#ifndef pthread_create
  return ((int*)(&pthread_create))[argc];
#else
  (void)argc;
  return 0;
#endif
}

Determining if the function pthread_create exists in the pthreads failed with the following output:
Change Dir: /home/abdalwhab/S2/BigData/GridGraph/GridGraph/build/CMakeFiles/CMakeTmp

Run Build Command:"/usr/bin/make" "cmTC_7109e/fast"
/usr/bin/make -f CMakeFiles/cmTC_7109e.dir/build.make CMakeFiles/cmTC_7109e.dir/build
make[1]: Entering directory '/home/abdalwhab/S2/BigData/GridGraph/GridGraph/build/CMakeFiles/CMakeTmp'
Building C object CMakeFiles/cmTC_7109e.dir/CheckFunctionExists.c.o
/usr/bin/cc   -DCHECK_FUNCTION_EXISTS=pthread_create   -o CMakeFiles/cmTC_7109e.dir/CheckFunctionExists.c.o   -c /usr/share/cmake-3.9/Modules/CheckFunctionExists.c
Linking C executable cmTC_7109e
/usr/bin/cmake -E cmake_link_script CMakeFiles/cmTC_7109e.dir/link.txt --verbose=1
/usr/bin/cc  -DCHECK_FUNCTION_EXISTS=pthread_create    CMakeFiles/cmTC_7109e.dir/CheckFunctionExists.c.o  -o cmTC_7109e -lpthreads 
/usr/bin/ld: cannot find -lpthreads
collect2: error: ld returned 1 exit status
CMakeFiles/cmTC_7109e.dir/build.make:97: recipe for target 'cmTC_7109e' failed
make[1]: *** [cmTC_7109e] Error 1
make[1]: Leaving directory '/home/abdalwhab/S2/BigData/GridGraph/GridGraph/build/CMakeFiles/CMakeTmp'
Makefile:126: recipe for target 'cmTC_7109e/fast' failed
make: *** [cmTC_7109e/fast] Error 2


